<?xml version="1.0" encoding="UTF-8"?>
<!-- Generated by org.testng.reporters.JUnitXMLReporter -->
<testsuite hostname="DESKTOP-49TKC48" name="Test" tests="1" failures="1" timestamp="23 May 2021 05:04:34 GMT" time="19.07" errors="0">
  <testcase name="loginApp" time="6.421" classname="test_Scripts.ValidLogin">
    <failure type="java.lang.AssertionError" message="null">
      <![CDATA[java.lang.AssertionError: null
	at test_Scripts.ValidLogin.loginApp(ValidLogin.java:21)
... Removed 26 stack frames]]>
    </failure>
  </testcase> <!-- loginApp -->
</testsuite> <!-- Test -->
